[debug] [2025-03-24T23:40:15.414Z] ----------------------------------------------------------------------
[debug] [2025-03-24T23:40:15.430Z] Command:       C:\Program Files\nodejs\node.exe C:\Users\mouss\AppData\Roaming\npm\node_modules\firebase-tools\lib\bin\firebase.js init
[debug] [2025-03-24T23:40:15.430Z] CLI Version:   13.35.1
[debug] [2025-03-24T23:40:15.430Z] Platform:      win32
[debug] [2025-03-24T23:40:15.430Z] Node Version:  v22.14.0
[debug] [2025-03-24T23:40:15.431Z] Time:          Mon Mar 24 2025 23:40:15 GMT+0000 (Greenwich Mean Time)
[debug] [2025-03-24T23:40:15.431Z] ----------------------------------------------------------------------
[debug] 
[debug] [2025-03-24T23:40:15.717Z] > command requires scopes: ["email","openid","https://www.googleapis.com/auth/cloudplatformprojects.readonly","https://www.googleapis.com/auth/firebase","https://www.googleapis.com/auth/cloud-platform"]
[debug] [2025-03-24T23:40:15.718Z] > authorizing via signed-in user (moussandoye@esp.sn)
[info] 
     ######## #### ########  ######## ########     ###     ######  ########
     ##        ##  ##     ## ##       ##     ##  ##   ##  ##       ##
     ######    ##  ########  ######   ########  #########  ######  ######
     ##        ##  ##    ##  ##       ##     ## ##     ##       ## ##
     ##       #### ##     ## ######## ########  ##     ##  ######  ########

You're about to initialize a Firebase project in this directory:

  C:\Users\mouss\Desktop\DIC 2\SGBD\projet\2\ia-correcteur

Before we get started, keep in mind:

  * You are initializing within an existing Firebase project directory

